# JRE version: OpenJDK Runtime Environment (8.0_112-b06) (build 1.8.0_112-release-b06)
# Java VM: OpenJDK 64-Bit Server VM (25.112-b06 mixed mode windows-amd64 compressed oops)
Heap:
 PSYoungGen      total 438784K, used 378291K [0x00000000e0000000, 0x0000000100000000, 0x0000000100000000)
  eden space 364544K, 83% used [0x00000000e0000000,0x00000000f29475a8,0x00000000f6400000)
  from space 74240K, 99% used [0x00000000f6400000,0x00000000fac25698,0x00000000fac80000)
  to   space 85504K, 0% used [0x00000000fac80000,0x00000000fac80000,0x0000000100000000)
 ParOldGen       total 233984K, used 112661K [0x00000000a0000000, 0x00000000ae480000, 0x00000000e0000000)
  object space 233984K, 48% used [0x00000000a0000000,0x00000000a6e057f0,0x00000000ae480000)
 Metaspace       used 80318K, capacity 84284K, committed 86744K, reserved 1124352K
  class space    used 9942K, capacity 10527K, committed 11008K, reserved 1048576K
GC Heap History (10 events):
Event: 2617.164 GC heap before
{Heap before GC invocations=34 (full 6):
 PSYoungGen      total 449024K, used 388924K [0x00000000e0000000, 0x00000000ffd00000, 0x0000000100000000)
  eden space 379392K, 100% used [0x00000000e0000000,0x00000000f7280000,0x00000000f7280000)
  from space 69632K, 13% used [0x00000000f7280000,0x00000000f7bcf030,0x00000000fb680000)
  to   space 66560K, 0% used [0x00000000fbc00000,0x00000000fbc00000,0x00000000ffd00000)
 ParOldGen       total 350720K, used 241030K [0x00000000a0000000, 0x00000000b5680000, 0x00000000e0000000)
  object space 350720K, 68% used [0x00000000a0000000,0x00000000aeb61bd8,0x00000000b5680000)
 Metaspace       used 81316K, capacity 85108K, committed 85592K, reserved 1124352K
  class space    used 10106K, capacity 10703K, committed 10880K, reserved 1048576K
Event: 2617.200 GC heap after
Heap after GC invocations=34 (full 6):
 PSYoungGen      total 448512K, used 23396K [0x00000000e0000000, 0x00000000ff700000, 0x0000000100000000)
  eden space 388096K, 0% used [0x00000000e0000000,0x00000000e0000000,0x00000000f7b00000)
  from space 60416K, 38% used [0x00000000fbc00000,0x00000000fd2d9378,0x00000000ff700000)
  to   space 63488K, 0% used [0x00000000f7b00000,0x00000000f7b00000,0x00000000fb900000)
 ParOldGen       total 350720K, used 242535K [0x00000000a0000000, 0x00000000b5680000, 0x00000000e0000000)
  object space 350720K, 69% used [0x00000000a0000000,0x00000000aecd9cf8,0x00000000b5680000)
 Metaspace       used 81316K, capacity 85108K, committed 85592K, reserved 1124352K
  class space    used 10106K, capacity 10703K, committed 10880K, reserved 1048576K
}
Event: 2631.368 GC heap before
{Heap before GC invocations=35 (full 6):
 PSYoungGen      total 448512K, used 410803K [0x00000000e0000000, 0x00000000ff700000, 0x0000000100000000)
  eden space 388096K, 99% used [0x00000000e0000000,0x00000000f7a53be8,0x00000000f7b00000)
  from space 60416K, 38% used [0x00000000fbc00000,0x00000000fd2d9378,0x00000000ff700000)
  to   space 63488K, 0% used [0x00000000f7b00000,0x00000000f7b00000,0x00000000fb900000)
 ParOldGen       total 350720K, used 242535K [0x00000000a0000000, 0x00000000b5680000, 0x00000000e0000000)
  object space 350720K, 69% used [0x00000000a0000000,0x00000000aecd9cf8,0x00000000b5680000)
 Metaspace       used 82478K, capacity 86390K, committed 86744K, reserved 1124352K
  class space    used 10246K, capacity 10846K, committed 11008K, reserved 1048576K
Event: 2631.584 GC heap after
Heap after GC invocations=35 (full 6):
 PSYoungGen      total 451584K, used 63456K [0x00000000e0000000, 0x0000000100000000, 0x0000000100000000)
  eden space 388096K, 0% used [0x00000000e0000000,0x00000000e0000000,0x00000000f7b00000)
  from space 63488K, 99% used [0x00000000f7b00000,0x00000000fb8f80c0,0x00000000fb900000)
  to   space 72704K, 0% used [0x00000000fb900000,0x00000000fb900000,0x0000000100000000)
 ParOldGen       total 350720K, used 259227K [0x00000000a0000000, 0x00000000b5680000, 0x00000000e0000000)
  object space 350720K, 73% used [0x00000000a0000000,0x00000000afd26fc8,0x00000000b5680000)
 Metaspace       used 82478K, capacity 86390K, committed 86744K, reserved 1124352K
  class space    used 10246K, capacity 10846K, committed 11008K, reserved 1048576K
}
Event: 2631.926 GC heap before
{Heap before GC invocations=36 (full 6):
 PSYoungGen      total 451584K, used 451552K [0x00000000e0000000, 0x0000000100000000, 0x0000000100000000)
  eden space 388096K, 100% used [0x00000000e0000000,0x00000000f7b00000,0x00000000f7b00000)
  from space 63488K, 99% used [0x00000000f7b00000,0x00000000fb8f80c0,0x00000000fb900000)
  to   space 72704K, 0% used [0x00000000fb900000,0x00000000fb900000,0x0000000100000000)
 ParOldGen       total 350720K, used 259227K [0x00000000a0000000, 0x00000000b5680000, 0x00000000e0000000)
  object space 350720K, 73% used [0x00000000a0000000,0x00000000afd26fc8,0x00000000b5680000)
 Metaspace       used 82483K, capacity 86390K, committed 86744K, reserved 1124352K
  class space    used 10246K, capacity 10846K, committed 11008K, reserved 1048576K
Event: 2632.011 GC heap after
Heap after GC invocations=36 (full 6):
 PSYoungGen      total 437248K, used 3946K [0x00000000e0000000, 0x0000000100000000, 0x0000000100000000)
  eden space 364544K, 0% used [0x00000000e0000000,0x00000000e0000000,0x00000000f6400000)
  from space 72704K, 5% used [0x00000000fb900000,0x00000000fbcdaa10,0x0000000100000000)
  to   space 79872K, 0% used [0x00000000f6400000,0x00000000f6400000,0x00000000fb200000)
 ParOldGen       total 350720K, used 313800K [0x00000000a0000000, 0x00000000b5680000, 0x00000000e0000000)
  object space 350720K, 89% used [0x00000000a0000000,0x00000000b32722b8,0x00000000b5680000)
 Metaspace       used 82483K, capacity 86390K, committed 86744K, reserved 1124352K
  class space    used 10246K, capacity 10846K, committed 11008K, reserved 1048576K
}
Event: 2632.012 GC heap before
{Heap before GC invocations=37 (full 7):
 PSYoungGen      total 437248K, used 3946K [0x00000000e0000000, 0x0000000100000000, 0x0000000100000000)
  eden space 364544K, 0% used [0x00000000e0000000,0x00000000e0000000,0x00000000f6400000)
  from space 72704K, 5% used [0x00000000fb900000,0x00000000fbcdaa10,0x0000000100000000)
  to   space 79872K, 0% used [0x00000000f6400000,0x00000000f6400000,0x00000000fb200000)
 ParOldGen       total 350720K, used 313800K [0x00000000a0000000, 0x00000000b5680000, 0x00000000e0000000)
  object space 350720K, 89% used [0x00000000a0000000,0x00000000b32722b8,0x00000000b5680000)
 Metaspace       used 82483K, capacity 86390K, committed 86744K, reserved 1124352K
  class space    used 10246K, capacity 10846K, committed 11008K, reserved 1048576K
Event: 2633.348 GC heap after
Heap after GC invocations=37 (full 7):
 PSYoungGen      total 437248K, used 0K [0x00000000e0000000, 0x0000000100000000, 0x0000000100000000)
  eden space 364544K, 0% used [0x00000000e0000000,0x00000000e0000000,0x00000000f6400000)
  from space 72704K, 0% used [0x00000000fb900000,0x00000000fb900000,0x0000000100000000)
  to   space 79872K, 0% used [0x00000000f6400000,0x00000000f6400000,0x00000000fb200000)
 ParOldGen       total 233984K, used 112661K [0x00000000a0000000, 0x00000000ae480000, 0x00000000e0000000)
  object space 233984K, 48% used [0x00000000a0000000,0x00000000a6e057f0,0x00000000ae480000)
 Metaspace       used 77707K, capacity 81404K, committed 86744K, reserved 1124352K
  class space    used 9647K, capacity 10191K, committed 11008K, reserved 1048576K
}
Event: 2748.023 GC heap before
{Heap before GC invocations=38 (full 7):
 PSYoungGen      total 437248K, used 364051K [0x00000000e0000000, 0x0000000100000000, 0x0000000100000000)
  eden space 364544K, 99% used [0x00000000e0000000,0x00000000f6384c00,0x00000000f6400000)
  from space 72704K, 0% used [0x00000000fb900000,0x00000000fb900000,0x0000000100000000)
  to   space 79872K, 0% used [0x00000000f6400000,0x00000000f6400000,0x00000000fb200000)
 ParOldGen       total 233984K, used 112661K [0x00000000a0000000, 0x00000000ae480000, 0x00000000e0000000)
  object space 233984K, 48% used [0x00000000a0000000,0x00000000a6e057f0,0x00000000ae480000)
 Metaspace       used 79482K, capacity 83256K, committed 86744K, reserved 1124352K
  class space    used 9863K, capacity 10433K, committed 11008K, reserved 1048576K
Event: 2748.105 GC heap after
Heap after GC invocations=38 (full 7):
 PSYoungGen      total 438784K, used 73877K [0x00000000e0000000, 0x0000000100000000, 0x0000000100000000)
  eden space 364544K, 0% used [0x00000000e0000000,0x00000000e0000000,0x00000000f6400000)
  from space 74240K, 99% used [0x00000000f6400000,0x00000000fac25698,0x00000000fac80000)
  to   space 85504K, 0% used [0x00000000fac80000,0x00000000fac80000,0x0000000100000000)
 ParOldGen       total 233984K, used 112661K [0x00000000a0000000, 0x00000000ae480000, 0x00000000e0000000)
  object space 233984K, 48% used [0x00000000a0000000,0x00000000a6e057f0,0x00000000ae480000)
 Metaspace       used 79482K, capacity 83256K, committed 86744K, reserved 1124352K
  class space    used 9863K, capacity 10433K, committed 11008K, reserved 1048576K
}

