# JRE version: OpenJDK Runtime Environment (8.0_112-b06) (build 1.8.0_112-release-b06)
# Java VM: OpenJDK 64-Bit Server VM (25.112-b06 mixed mode windows-amd64 compressed oops)
Heap:
 PSYoungGen      total 395264K, used 98263K [0x00000000e0000000, 0x0000000100000000, 0x0000000100000000)
  eden space 265216K, 37% used [0x00000000e0000000,0x00000000e5ff5db8,0x00000000f0300000)
  from space 130048K, 0% used [0x00000000f8100000,0x00000000f8100000,0x0000000100000000)
  to   space 129024K, 0% used [0x00000000f0300000,0x00000000f0300000,0x00000000f8100000)
 ParOldGen       total 442880K, used 296686K [0x00000000a0000000, 0x00000000bb080000, 0x00000000e0000000)
  object space 442880K, 66% used [0x00000000a0000000,0x00000000b21bbb58,0x00000000bb080000)
 Metaspace       used 89933K, capacity 93412K, committed 93696K, reserved 1132544K
  class space    used 10800K, capacity 11409K, committed 11520K, reserved 1048576K
GC Heap History (10 events):
Event: 1033.723 GC heap before
{Heap before GC invocations=25 (full 6):
 PSYoungGen      total 412672K, used 410269K [0x00000000e0000000, 0x0000000100000000, 0x0000000100000000)
  eden space 329728K, 100% used [0x00000000e0000000,0x00000000f4200000,0x00000000f4200000)
  from space 82944K, 97% used [0x00000000fa480000,0x00000000ff327570,0x00000000ff580000)
  to   space 97280K, 0% used [0x00000000f4200000,0x00000000f4200000,0x00000000fa100000)
 ParOldGen       total 359936K, used 230157K [0x00000000a0000000, 0x00000000b5f80000, 0x00000000e0000000)
  object space 359936K, 63% used [0x00000000a0000000,0x00000000ae0c3718,0x00000000b5f80000)
 Metaspace       used 89431K, capacity 92682K, committed 92800K, reserved 1130496K
  class space    used 10751K, capacity 11330K, committed 11392K, reserved 1048576K
Event: 1033.954 GC heap after
Heap after GC invocations=25 (full 6):
 PSYoungGen      total 420352K, used 90474K [0x00000000e0000000, 0x0000000100000000, 0x0000000100000000)
  eden space 329728K, 0% used [0x00000000e0000000,0x00000000e0000000,0x00000000f4200000)
  from space 90624K, 99% used [0x00000000f4200000,0x00000000f9a5aa48,0x00000000f9a80000)
  to   space 103936K, 0% used [0x00000000f9a80000,0x00000000f9a80000,0x0000000100000000)
 ParOldGen       total 359936K, used 230165K [0x00000000a0000000, 0x00000000b5f80000, 0x00000000e0000000)
  object space 359936K, 63% used [0x00000000a0000000,0x00000000ae0c5718,0x00000000b5f80000)
 Metaspace       used 89431K, capacity 92682K, committed 92800K, reserved 1130496K
  class space    used 10751K, capacity 11330K, committed 11392K, reserved 1048576K
}
Event: 1035.470 GC heap before
{Heap before GC invocations=26 (full 6):
 PSYoungGen      total 420352K, used 419339K [0x00000000e0000000, 0x0000000100000000, 0x0000000100000000)
  eden space 329728K, 99% used [0x00000000e0000000,0x00000000f4128340,0x00000000f4200000)
  from space 90624K, 99% used [0x00000000f4200000,0x00000000f9a5aa48,0x00000000f9a80000)
  to   space 103936K, 0% used [0x00000000f9a80000,0x00000000f9a80000,0x0000000100000000)
 ParOldGen       total 359936K, used 230165K [0x00000000a0000000, 0x00000000b5f80000, 0x00000000e0000000)
  object space 359936K, 63% used [0x00000000a0000000,0x00000000ae0c5718,0x00000000b5f80000)
 Metaspace       used 89592K, capacity 92816K, committed 93056K, reserved 1130496K
  class space    used 10758K, capacity 11339K, committed 11392K, reserved 1048576K
Event: 1035.528 GC heap after
Heap after GC invocations=26 (full 6):
 PSYoungGen      total 380416K, used 90159K [0x00000000e0000000, 0x0000000100000000, 0x0000000100000000)
  eden space 276480K, 0% used [0x00000000e0000000,0x00000000e0000000,0x00000000f0e00000)
  from space 103936K, 86% used [0x00000000f9a80000,0x00000000ff28bd28,0x0000000100000000)
  to   space 123904K, 0% used [0x00000000f0e00000,0x00000000f0e00000,0x00000000f8700000)
 ParOldGen       total 359936K, used 230173K [0x00000000a0000000, 0x00000000b5f80000, 0x00000000e0000000)
  object space 359936K, 63% used [0x00000000a0000000,0x00000000ae0c7718,0x00000000b5f80000)
 Metaspace       used 89592K, capacity 92816K, committed 93056K, reserved 1130496K
  class space    used 10758K, capacity 11339K, committed 11392K, reserved 1048576K
}
Event: 1035.568 GC heap before
{Heap before GC invocations=27 (full 6):
 PSYoungGen      total 380416K, used 366612K [0x00000000e0000000, 0x0000000100000000, 0x0000000100000000)
  eden space 276480K, 99% used [0x00000000e0000000,0x00000000f0df9340,0x00000000f0e00000)
  from space 103936K, 86% used [0x00000000f9a80000,0x00000000ff28bd28,0x0000000100000000)
  to   space 123904K, 0% used [0x00000000f0e00000,0x00000000f0e00000,0x00000000f8700000)
 ParOldGen       total 359936K, used 230173K [0x00000000a0000000, 0x00000000b5f80000, 0x00000000e0000000)
  object space 359936K, 63% used [0x00000000a0000000,0x00000000ae0c7718,0x00000000b5f80000)
 Metaspace       used 89597K, capacity 92816K, committed 93056K, reserved 1130496K
  class space    used 10758K, capacity 11339K, committed 11392K, reserved 1048576K
Event: 1035.628 GC heap after
Heap after GC invocations=27 (full 6):
 PSYoungGen      total 358912K, used 82080K [0x00000000e0000000, 0x0000000100000000, 0x0000000100000000)
  eden space 276480K, 0% used [0x00000000e0000000,0x00000000e0000000,0x00000000f0e00000)
  from space 82432K, 99% used [0x00000000f0e00000,0x00000000f5e282e8,0x00000000f5e80000)
  to   space 130048K, 0% used [0x00000000f8100000,0x00000000f8100000,0x0000000100000000)
 ParOldGen       total 359936K, used 230189K [0x00000000a0000000, 0x00000000b5f80000, 0x00000000e0000000)
  object space 359936K, 63% used [0x00000000a0000000,0x00000000ae0cb718,0x00000000b5f80000)
 Metaspace       used 89597K, capacity 92816K, committed 93056K, reserved 1130496K
  class space    used 10758K, capacity 11339K, committed 11392K, reserved 1048576K
}
Event: 1058.223 GC heap before
{Heap before GC invocations=28 (full 6):
 PSYoungGen      total 358912K, used 358560K [0x00000000e0000000, 0x0000000100000000, 0x0000000100000000)
  eden space 276480K, 100% used [0x00000000e0000000,0x00000000f0e00000,0x00000000f0e00000)
  from space 82432K, 99% used [0x00000000f0e00000,0x00000000f5e282e8,0x00000000f5e80000)
  to   space 130048K, 0% used [0x00000000f8100000,0x00000000f8100000,0x0000000100000000)
 ParOldGen       total 359936K, used 230189K [0x00000000a0000000, 0x00000000b5f80000, 0x00000000e0000000)
  object space 359936K, 63% used [0x00000000a0000000,0x00000000ae0cb718,0x00000000b5f80000)
 Metaspace       used 89689K, capacity 93036K, committed 93312K, reserved 1130496K
  class space    used 10771K, capacity 11357K, committed 11392K, reserved 1048576K
Event: 1058.285 GC heap after
Heap after GC invocations=28 (full 6):
 PSYoungGen      total 395264K, used 5694K [0x00000000e0000000, 0x0000000100000000, 0x0000000100000000)
  eden space 265216K, 0% used [0x00000000e0000000,0x00000000e0000000,0x00000000f0300000)
  from space 130048K, 4% used [0x00000000f8100000,0x00000000f868fad8,0x0000000100000000)
  to   space 129024K, 0% used [0x00000000f0300000,0x00000000f0300000,0x00000000f8100000)
 ParOldGen       total 359936K, used 297244K [0x00000000a0000000, 0x00000000b5f80000, 0x00000000e0000000)
  object space 359936K, 82% used [0x00000000a0000000,0x00000000b2247230,0x00000000b5f80000)
 Metaspace       used 89689K, capacity 93036K, committed 93312K, reserved 1130496K
  class space    used 10771K, capacity 11357K, committed 11392K, reserved 1048576K
}
Event: 1058.285 GC heap before
{Heap before GC invocations=29 (full 7):
 PSYoungGen      total 395264K, used 5694K [0x00000000e0000000, 0x0000000100000000, 0x0000000100000000)
  eden space 265216K, 0% used [0x00000000e0000000,0x00000000e0000000,0x00000000f0300000)
  from space 130048K, 4% used [0x00000000f8100000,0x00000000f868fad8,0x0000000100000000)
  to   space 129024K, 0% used [0x00000000f0300000,0x00000000f0300000,0x00000000f8100000)
 ParOldGen       total 359936K, used 297244K [0x00000000a0000000, 0x00000000b5f80000, 0x00000000e0000000)
  object space 359936K, 82% used [0x00000000a0000000,0x00000000b2247230,0x00000000b5f80000)
 Metaspace       used 89689K, capacity 93036K, committed 93312K, reserved 1130496K
  class space    used 10771K, capacity 11357K, committed 11392K, reserved 1048576K
Event: 1059.108 GC heap after
Heap after GC invocations=29 (full 7):
 PSYoungGen      total 395264K, used 0K [0x00000000e0000000, 0x0000000100000000, 0x0000000100000000)
  eden space 265216K, 0% used [0x00000000e0000000,0x00000000e0000000,0x00000000f0300000)
  from space 130048K, 0% used [0x00000000f8100000,0x00000000f8100000,0x0000000100000000)
  to   space 129024K, 0% used [0x00000000f0300000,0x00000000f0300000,0x00000000f8100000)
 ParOldGen       total 442880K, used 296686K [0x00000000a0000000, 0x00000000bb080000, 0x00000000e0000000)
  object space 442880K, 66% used [0x00000000a0000000,0x00000000b21bbb58,0x00000000bb080000)
 Metaspace       used 89687K, capacity 93030K, committed 93312K, reserved 1130496K
  class space    used 10771K, capacity 11356K, committed 11392K, reserved 1048576K
}

